[0.090s] DEBUG:colcon:Command line arguments: ['/usr/bin/colcon', 'build', '--symlink-install']
[0.090s] DEBUG:colcon:Parsed command line arguments: Namespace(log_base=None, log_level=None, verb_name='build', build_base='build', install_base='install', merge_install=False, symlink_install=True, test_result_base=None, continue_on_error=False, executor='parallel', parallel_workers=8, event_handlers=None, ignore_user_meta=False, metas=['./colcon.meta'], base_paths=['.'], packages_ignore=None, packages_ignore_regex=None, paths=None, packages_up_to=None, packages_up_to_regex=None, packages_above=None, packages_above_and_dependencies=None, packages_above_depth=None, packages_select_by_dep=None, packages_skip_by_dep=None, packages_skip_up_to=None, packages_select_build_failed=False, packages_skip_build_finished=False, packages_select_test_failures=False, packages_skip_test_passed=False, packages_select=None, packages_skip=None, packages_select_regex=None, packages_skip_regex=None, packages_start=None, packages_end=None, allow_overriding=[], cmake_args=None, cmake_target=None, cmake_target_skip_unavailable=False, cmake_clean_cache=False, cmake_clean_first=False, cmake_force_configure=False, ament_cmake_args=None, catkin_cmake_args=None, catkin_skip_building_tests=False, verb_parser=<colcon_defaults.argument_parser.defaults.DefaultArgumentsDecorator object at 0x787ac5caf220>, verb_extension=<colcon_core.verb.build.BuildVerb object at 0x787ac5cae170>, main=<bound method BuildVerb.main of <colcon_core.verb.build.BuildVerb object at 0x787ac5cae170>>)
[0.248s] Level 1:colcon.colcon_core.package_discovery:discover_packages(colcon_meta) check parameters
[0.248s] Level 1:colcon.colcon_core.package_discovery:discover_packages(recursive) check parameters
[0.248s] Level 1:colcon.colcon_core.package_discovery:discover_packages(ignore) check parameters
[0.248s] Level 1:colcon.colcon_core.package_discovery:discover_packages(path) check parameters
[0.248s] Level 1:colcon.colcon_core.package_discovery:discover_packages(colcon_meta) discover
[0.248s] Level 1:colcon.colcon_core.package_discovery:discover_packages(recursive) discover
[0.248s] INFO:colcon.colcon_core.package_discovery:Crawling recursively for packages in '/home/bipin/ros2_ws'
[0.248s] Level 1:colcon.colcon_core.package_identification:_identify(.) by extensions ['ignore', 'ignore_ament_install']
[0.248s] Level 1:colcon.colcon_core.package_identification:_identify(.) by extension 'ignore'
[0.248s] Level 1:colcon.colcon_core.package_identification:_identify(.) by extension 'ignore_ament_install'
[0.248s] Level 1:colcon.colcon_core.package_identification:_identify(.) by extensions ['colcon_pkg']
[0.248s] Level 1:colcon.colcon_core.package_identification:_identify(.) by extension 'colcon_pkg'
[0.248s] Level 1:colcon.colcon_core.package_identification:_identify(.) by extensions ['colcon_meta']
[0.248s] Level 1:colcon.colcon_core.package_identification:_identify(.) by extension 'colcon_meta'
[0.249s] Level 1:colcon.colcon_core.package_identification:_identify(.) by extensions ['ros']
[0.249s] Level 1:colcon.colcon_core.package_identification:_identify(.) by extension 'ros'
[0.258s] Level 1:colcon.colcon_core.package_identification:_identify(.) by extensions ['cmake', 'python']
[0.259s] Level 1:colcon.colcon_core.package_identification:_identify(.) by extension 'cmake'
[0.259s] Level 1:colcon.colcon_core.package_identification:_identify(.) by extension 'python'
[0.259s] Level 1:colcon.colcon_core.package_identification:_identify(.) by extensions ['python_setup_py']
[0.259s] Level 1:colcon.colcon_core.package_identification:_identify(.) by extension 'python_setup_py'
[0.259s] Level 1:colcon.colcon_core.package_identification:_identify(build) by extensions ['ignore', 'ignore_ament_install']
[0.259s] Level 1:colcon.colcon_core.package_identification:_identify(build) by extension 'ignore'
[0.259s] Level 1:colcon.colcon_core.package_identification:_identify(build) ignored
[0.259s] Level 1:colcon.colcon_core.package_identification:_identify(install) by extensions ['ignore', 'ignore_ament_install']
[0.259s] Level 1:colcon.colcon_core.package_identification:_identify(install) by extension 'ignore'
[0.259s] Level 1:colcon.colcon_core.package_identification:_identify(install) ignored
[0.259s] Level 1:colcon.colcon_core.package_identification:_identify(log) by extensions ['ignore', 'ignore_ament_install']
[0.259s] Level 1:colcon.colcon_core.package_identification:_identify(log) by extension 'ignore'
[0.259s] Level 1:colcon.colcon_core.package_identification:_identify(log) ignored
[0.260s] Level 1:colcon.colcon_core.package_identification:_identify(src) by extensions ['ignore', 'ignore_ament_install']
[0.260s] Level 1:colcon.colcon_core.package_identification:_identify(src) by extension 'ignore'
[0.260s] Level 1:colcon.colcon_core.package_identification:_identify(src) by extension 'ignore_ament_install'
[0.260s] Level 1:colcon.colcon_core.package_identification:_identify(src) by extensions ['colcon_pkg']
[0.260s] Level 1:colcon.colcon_core.package_identification:_identify(src) by extension 'colcon_pkg'
[0.260s] Level 1:colcon.colcon_core.package_identification:_identify(src) by extensions ['colcon_meta']
[0.260s] Level 1:colcon.colcon_core.package_identification:_identify(src) by extension 'colcon_meta'
[0.260s] Level 1:colcon.colcon_core.package_identification:_identify(src) by extensions ['ros']
[0.260s] Level 1:colcon.colcon_core.package_identification:_identify(src) by extension 'ros'
[0.260s] Level 1:colcon.colcon_core.package_identification:_identify(src) by extensions ['cmake', 'python']
[0.260s] Level 1:colcon.colcon_core.package_identification:_identify(src) by extension 'cmake'
[0.260s] Level 1:colcon.colcon_core.package_identification:_identify(src) by extension 'python'
[0.260s] Level 1:colcon.colcon_core.package_identification:_identify(src) by extensions ['python_setup_py']
[0.260s] Level 1:colcon.colcon_core.package_identification:_identify(src) by extension 'python_setup_py'
[0.260s] Level 1:colcon.colcon_core.package_identification:_identify(src/banana_webcam_driver) by extensions ['ignore', 'ignore_ament_install']
[0.260s] Level 1:colcon.colcon_core.package_identification:_identify(src/banana_webcam_driver) by extension 'ignore'
[0.260s] Level 1:colcon.colcon_core.package_identification:_identify(src/banana_webcam_driver) by extension 'ignore_ament_install'
[0.260s] Level 1:colcon.colcon_core.package_identification:_identify(src/banana_webcam_driver) by extensions ['colcon_pkg']
[0.260s] Level 1:colcon.colcon_core.package_identification:_identify(src/banana_webcam_driver) by extension 'colcon_pkg'
[0.260s] Level 1:colcon.colcon_core.package_identification:_identify(src/banana_webcam_driver) by extensions ['colcon_meta']
[0.260s] Level 1:colcon.colcon_core.package_identification:_identify(src/banana_webcam_driver) by extension 'colcon_meta'
[0.261s] Level 1:colcon.colcon_core.package_identification:_identify(src/banana_webcam_driver) by extensions ['ros']
[0.261s] Level 1:colcon.colcon_core.package_identification:_identify(src/banana_webcam_driver) by extension 'ros'
[0.263s] DEBUG:colcon.colcon_core.package_identification:Package 'src/banana_webcam_driver' with type 'ros.ament_python' and name 'banana_webcam_driver'
[0.263s] Level 1:colcon.colcon_core.package_identification:_identify(src/blue_color_filter) by extensions ['ignore', 'ignore_ament_install']
[0.263s] Level 1:colcon.colcon_core.package_identification:_identify(src/blue_color_filter) by extension 'ignore'
[0.263s] Level 1:colcon.colcon_core.package_identification:_identify(src/blue_color_filter) by extension 'ignore_ament_install'
[0.263s] Level 1:colcon.colcon_core.package_identification:_identify(src/blue_color_filter) by extensions ['colcon_pkg']
[0.263s] Level 1:colcon.colcon_core.package_identification:_identify(src/blue_color_filter) by extension 'colcon_pkg'
[0.263s] Level 1:colcon.colcon_core.package_identification:_identify(src/blue_color_filter) by extensions ['colcon_meta']
[0.263s] Level 1:colcon.colcon_core.package_identification:_identify(src/blue_color_filter) by extension 'colcon_meta'
[0.263s] Level 1:colcon.colcon_core.package_identification:_identify(src/blue_color_filter) by extensions ['ros']
[0.263s] Level 1:colcon.colcon_core.package_identification:_identify(src/blue_color_filter) by extension 'ros'
[0.264s] DEBUG:colcon.colcon_core.package_identification:Package 'src/blue_color_filter' with type 'ros.ament_cmake' and name 'blue_color_filter'
[0.264s] Level 1:colcon.colcon_core.package_discovery:discover_packages(recursive) using defaults
[0.264s] Level 1:colcon.colcon_core.package_discovery:discover_packages(ignore) discover
[0.264s] Level 1:colcon.colcon_core.package_discovery:discover_packages(ignore) using defaults
[0.264s] Level 1:colcon.colcon_core.package_discovery:discover_packages(path) discover
[0.264s] Level 1:colcon.colcon_core.package_discovery:discover_packages(path) using defaults
[0.281s] Level 1:colcon.colcon_core.package_discovery:discover_packages(prefix_path) check parameters
[0.281s] Level 1:colcon.colcon_core.package_discovery:discover_packages(prefix_path) discover
[0.283s] DEBUG:colcon.colcon_installed_package_information.package_discovery:Found 2 installed packages in /home/bipin/ros2_ws/install
[0.284s] DEBUG:colcon.colcon_installed_package_information.package_discovery:Found 271 installed packages in /opt/ros/humble
[0.294s] Level 1:colcon.colcon_core.package_discovery:discover_packages(prefix_path) using defaults
[0.327s] Level 5:colcon.colcon_core.verb:set package 'banana_webcam_driver' build argument 'cmake_args' from command line to 'None'
[0.327s] Level 5:colcon.colcon_core.verb:set package 'banana_webcam_driver' build argument 'cmake_target' from command line to 'None'
[0.327s] Level 5:colcon.colcon_core.verb:set package 'banana_webcam_driver' build argument 'cmake_target_skip_unavailable' from command line to 'False'
[0.327s] Level 5:colcon.colcon_core.verb:set package 'banana_webcam_driver' build argument 'cmake_clean_cache' from command line to 'False'
[0.327s] Level 5:colcon.colcon_core.verb:set package 'banana_webcam_driver' build argument 'cmake_clean_first' from command line to 'False'
[0.327s] Level 5:colcon.colcon_core.verb:set package 'banana_webcam_driver' build argument 'cmake_force_configure' from command line to 'False'
[0.327s] Level 5:colcon.colcon_core.verb:set package 'banana_webcam_driver' build argument 'ament_cmake_args' from command line to 'None'
[0.327s] Level 5:colcon.colcon_core.verb:set package 'banana_webcam_driver' build argument 'catkin_cmake_args' from command line to 'None'
[0.327s] Level 5:colcon.colcon_core.verb:set package 'banana_webcam_driver' build argument 'catkin_skip_building_tests' from command line to 'False'
[0.328s] DEBUG:colcon.colcon_core.verb:Building package 'banana_webcam_driver' with the following arguments: {'ament_cmake_args': None, 'build_base': '/home/bipin/ros2_ws/build/banana_webcam_driver', 'catkin_cmake_args': None, 'catkin_skip_building_tests': False, 'cmake_args': None, 'cmake_clean_cache': False, 'cmake_clean_first': False, 'cmake_force_configure': False, 'cmake_target': None, 'cmake_target_skip_unavailable': False, 'install_base': '/home/bipin/ros2_ws/install/banana_webcam_driver', 'merge_install': False, 'path': '/home/bipin/ros2_ws/src/banana_webcam_driver', 'symlink_install': True, 'test_result_base': None}
[0.328s] Level 5:colcon.colcon_core.verb:set package 'blue_color_filter' build argument 'cmake_args' from command line to 'None'
[0.328s] Level 5:colcon.colcon_core.verb:set package 'blue_color_filter' build argument 'cmake_target' from command line to 'None'
[0.328s] Level 5:colcon.colcon_core.verb:set package 'blue_color_filter' build argument 'cmake_target_skip_unavailable' from command line to 'False'
[0.328s] Level 5:colcon.colcon_core.verb:set package 'blue_color_filter' build argument 'cmake_clean_cache' from command line to 'False'
[0.328s] Level 5:colcon.colcon_core.verb:set package 'blue_color_filter' build argument 'cmake_clean_first' from command line to 'False'
[0.328s] Level 5:colcon.colcon_core.verb:set package 'blue_color_filter' build argument 'cmake_force_configure' from command line to 'False'
[0.328s] Level 5:colcon.colcon_core.verb:set package 'blue_color_filter' build argument 'ament_cmake_args' from command line to 'None'
[0.328s] Level 5:colcon.colcon_core.verb:set package 'blue_color_filter' build argument 'catkin_cmake_args' from command line to 'None'
[0.328s] Level 5:colcon.colcon_core.verb:set package 'blue_color_filter' build argument 'catkin_skip_building_tests' from command line to 'False'
[0.328s] DEBUG:colcon.colcon_core.verb:Building package 'blue_color_filter' with the following arguments: {'ament_cmake_args': None, 'build_base': '/home/bipin/ros2_ws/build/blue_color_filter', 'catkin_cmake_args': None, 'catkin_skip_building_tests': False, 'cmake_args': None, 'cmake_clean_cache': False, 'cmake_clean_first': False, 'cmake_force_configure': False, 'cmake_target': None, 'cmake_target_skip_unavailable': False, 'install_base': '/home/bipin/ros2_ws/install/blue_color_filter', 'merge_install': False, 'path': '/home/bipin/ros2_ws/src/blue_color_filter', 'symlink_install': True, 'test_result_base': None}
[0.328s] INFO:colcon.colcon_core.executor:Executing jobs using 'parallel' executor
[0.329s] DEBUG:colcon.colcon_parallel_executor.executor.parallel:run_until_complete
[0.329s] INFO:colcon.colcon_ros.task.ament_python.build:Building ROS package in '/home/bipin/ros2_ws/src/banana_webcam_driver' with build type 'ament_python'
[0.329s] Level 1:colcon.colcon_core.shell:create_environment_hook('banana_webcam_driver', 'ament_prefix_path')
[0.331s] INFO:colcon.colcon_core.plugin_system:Skipping extension 'colcon_core.shell.bat': Not used on non-Windows systems
[0.332s] INFO:colcon.colcon_core.shell:Creating environment hook '/home/bipin/ros2_ws/install/banana_webcam_driver/share/banana_webcam_driver/hook/ament_prefix_path.ps1'
[0.387s] INFO:colcon.colcon_core.shell:Creating environment descriptor '/home/bipin/ros2_ws/install/banana_webcam_driver/share/banana_webcam_driver/hook/ament_prefix_path.dsv'
[0.388s] INFO:colcon.colcon_core.shell:Creating environment hook '/home/bipin/ros2_ws/install/banana_webcam_driver/share/banana_webcam_driver/hook/ament_prefix_path.sh'
[0.388s] INFO:colcon.colcon_core.shell:Skip shell extension 'powershell' for command environment: Not usable outside of PowerShell
[0.388s] DEBUG:colcon.colcon_core.shell:Skip shell extension 'dsv' for command environment
[0.391s] INFO:colcon.colcon_ros.task.ament_cmake.build:Building ROS package in '/home/bipin/ros2_ws/src/blue_color_filter' with build type 'ament_cmake'
[0.391s] INFO:colcon.colcon_cmake.task.cmake.build:Building CMake package in '/home/bipin/ros2_ws/src/blue_color_filter'
[0.391s] INFO:colcon.colcon_core.shell:Skip shell extension 'powershell' for command environment: Not usable outside of PowerShell
[0.392s] DEBUG:colcon.colcon_core.shell:Skip shell extension 'dsv' for command environment
[0.623s] INFO:colcon.colcon_core.task.python.build:Building Python package in '/home/bipin/ros2_ws/src/banana_webcam_driver'
[0.623s] INFO:colcon.colcon_core.shell:Skip shell extension 'powershell' for command environment: Not usable outside of PowerShell
[0.624s] DEBUG:colcon.colcon_core.shell:Skip shell extension 'dsv' for command environment
[0.631s] DEBUG:colcon.colcon_core.event_handler.log_command:Invoking command in '/home/bipin/ros2_ws/build/blue_color_filter': CMAKE_PREFIX_PATH=${CMAKE_PREFIX_PATH}:/home/bipin/ros2_ws/install/banana_webcam_driver:/opt/ros/humble /usr/bin/cmake --build /home/bipin/ros2_ws/build/blue_color_filter -- -j8 -l8
[0.941s] DEBUG:colcon.colcon_core.task.python.build:While undoing a previous installation files outside the Python library path are being ignored: /home/bipin/ros2_ws/install/banana_webcam_driver/share/ament_index/resource_index/packages/banana_webcam_driver
[0.941s] DEBUG:colcon.colcon_core.task.python.build:While undoing a previous installation files outside the Python library path are being ignored: /home/bipin/ros2_ws/install/banana_webcam_driver/share/banana_webcam_driver/package.xml
[0.942s] DEBUG:colcon.colcon_core.task.python.build:While undoing a previous installation files outside the Python library path are being ignored: /home/bipin/ros2_ws/install/banana_webcam_driver/lib/banana_webcam_driver/webcam_driver
[0.944s] DEBUG:colcon.colcon_core.event_handler.log_command:Invoking command in '/home/bipin/ros2_ws/build/banana_webcam_driver': PYTHONPATH=/home/bipin/ros2_ws/build/banana_webcam_driver/prefix_override:/usr/lib/python3/dist-packages/colcon_core/task/python/colcon_distutils_commands:/home/bipin/ros2_ws/install/banana_webcam_driver/lib/python3.10/site-packages:${PYTHONPATH} /usr/bin/python3 -W ignore:setup.py install is deprecated -W ignore:easy_install command is deprecated setup.py develop --editable --build-directory /home/bipin/ros2_ws/build/banana_webcam_driver/build --no-deps symlink_data --force
[1.363s] Level 1:colcon.colcon_core.shell:create_environment_hook('banana_webcam_driver', 'pythonpath_develop')
[1.364s] INFO:colcon.colcon_core.shell:Creating environment hook '/home/bipin/ros2_ws/build/banana_webcam_driver/share/banana_webcam_driver/hook/pythonpath_develop.ps1'
[1.364s] DEBUG:colcon.colcon_core.event_handler.log_command:Invoked command in '/home/bipin/ros2_ws/build/banana_webcam_driver' returned '0': PYTHONPATH=/home/bipin/ros2_ws/build/banana_webcam_driver/prefix_override:/usr/lib/python3/dist-packages/colcon_core/task/python/colcon_distutils_commands:/home/bipin/ros2_ws/install/banana_webcam_driver/lib/python3.10/site-packages:${PYTHONPATH} /usr/bin/python3 -W ignore:setup.py install is deprecated -W ignore:easy_install command is deprecated setup.py develop --editable --build-directory /home/bipin/ros2_ws/build/banana_webcam_driver/build --no-deps symlink_data --force
[1.364s] INFO:colcon.colcon_core.shell:Creating environment descriptor '/home/bipin/ros2_ws/build/banana_webcam_driver/share/banana_webcam_driver/hook/pythonpath_develop.dsv'
[1.365s] INFO:colcon.colcon_core.shell:Creating environment hook '/home/bipin/ros2_ws/build/banana_webcam_driver/share/banana_webcam_driver/hook/pythonpath_develop.sh'
[1.367s] Level 1:colcon.colcon_core.environment:checking '/home/bipin/ros2_ws/install/banana_webcam_driver' for CMake module files
[1.368s] Level 1:colcon.colcon_core.environment:checking '/home/bipin/ros2_ws/install/banana_webcam_driver' for CMake config files
[1.368s] Level 1:colcon.colcon_core.environment:checking '/home/bipin/ros2_ws/install/banana_webcam_driver/lib'
[1.368s] Level 1:colcon.colcon_core.environment:checking '/home/bipin/ros2_ws/install/banana_webcam_driver/bin'
[1.368s] Level 1:colcon.colcon_core.environment:checking '/home/bipin/ros2_ws/install/banana_webcam_driver/lib/pkgconfig/banana_webcam_driver.pc'
[1.369s] Level 1:colcon.colcon_core.environment:checking '/home/bipin/ros2_ws/install/banana_webcam_driver/lib/python3.10/site-packages'
[1.369s] Level 1:colcon.colcon_core.shell:create_environment_hook('banana_webcam_driver', 'pythonpath')
[1.369s] INFO:colcon.colcon_core.shell:Creating environment hook '/home/bipin/ros2_ws/install/banana_webcam_driver/share/banana_webcam_driver/hook/pythonpath.ps1'
[1.369s] INFO:colcon.colcon_core.shell:Creating environment descriptor '/home/bipin/ros2_ws/install/banana_webcam_driver/share/banana_webcam_driver/hook/pythonpath.dsv'
[1.370s] INFO:colcon.colcon_core.shell:Creating environment hook '/home/bipin/ros2_ws/install/banana_webcam_driver/share/banana_webcam_driver/hook/pythonpath.sh'
[1.370s] Level 1:colcon.colcon_core.environment:checking '/home/bipin/ros2_ws/install/banana_webcam_driver/bin'
[1.370s] Level 1:colcon.colcon_core.environment:create_environment_scripts_only(banana_webcam_driver)
[1.371s] INFO:colcon.colcon_core.shell:Creating package script '/home/bipin/ros2_ws/install/banana_webcam_driver/share/banana_webcam_driver/package.ps1'
[1.372s] INFO:colcon.colcon_core.shell:Creating package descriptor '/home/bipin/ros2_ws/install/banana_webcam_driver/share/banana_webcam_driver/package.dsv'
[1.372s] INFO:colcon.colcon_core.shell:Creating package script '/home/bipin/ros2_ws/install/banana_webcam_driver/share/banana_webcam_driver/package.sh'
[1.373s] INFO:colcon.colcon_core.shell:Creating package script '/home/bipin/ros2_ws/install/banana_webcam_driver/share/banana_webcam_driver/package.bash'
[1.374s] INFO:colcon.colcon_core.shell:Creating package script '/home/bipin/ros2_ws/install/banana_webcam_driver/share/banana_webcam_driver/package.zsh'
[1.374s] Level 1:colcon.colcon_core.environment:create_file_with_runtime_dependencies(/home/bipin/ros2_ws/install/banana_webcam_driver/share/colcon-core/packages/banana_webcam_driver)
[10.482s] DEBUG:colcon.colcon_core.event_handler.log_command:Invoked command in '/home/bipin/ros2_ws/build/blue_color_filter' returned '0': CMAKE_PREFIX_PATH=${CMAKE_PREFIX_PATH}:/home/bipin/ros2_ws/install/banana_webcam_driver:/opt/ros/humble /usr/bin/cmake --build /home/bipin/ros2_ws/build/blue_color_filter -- -j8 -l8
[10.490s] DEBUG:colcon.colcon_core.event_handler.log_command:Invoking command in '/home/bipin/ros2_ws/build/blue_color_filter': CMAKE_PREFIX_PATH=${CMAKE_PREFIX_PATH}:/home/bipin/ros2_ws/install/banana_webcam_driver:/opt/ros/humble /usr/bin/cmake --install /home/bipin/ros2_ws/build/blue_color_filter
[10.508s] Level 1:colcon.colcon_core.environment:create_environment_scripts_only(blue_color_filter)
[10.508s] Level 1:colcon.colcon_core.environment:checking '/home/bipin/ros2_ws/install/blue_color_filter' for CMake module files
[10.509s] DEBUG:colcon.colcon_core.event_handler.log_command:Invoked command in '/home/bipin/ros2_ws/build/blue_color_filter' returned '0': CMAKE_PREFIX_PATH=${CMAKE_PREFIX_PATH}:/home/bipin/ros2_ws/install/banana_webcam_driver:/opt/ros/humble /usr/bin/cmake --install /home/bipin/ros2_ws/build/blue_color_filter
[10.509s] Level 1:colcon.colcon_core.environment:checking '/home/bipin/ros2_ws/install/blue_color_filter' for CMake config files
[10.510s] Level 1:colcon.colcon_core.shell:create_environment_hook('blue_color_filter', 'cmake_prefix_path')
[10.510s] INFO:colcon.colcon_core.shell:Creating environment hook '/home/bipin/ros2_ws/install/blue_color_filter/share/blue_color_filter/hook/cmake_prefix_path.ps1'
[10.510s] INFO:colcon.colcon_core.shell:Creating environment descriptor '/home/bipin/ros2_ws/install/blue_color_filter/share/blue_color_filter/hook/cmake_prefix_path.dsv'
[10.511s] INFO:colcon.colcon_core.shell:Creating environment hook '/home/bipin/ros2_ws/install/blue_color_filter/share/blue_color_filter/hook/cmake_prefix_path.sh'
[10.511s] Level 1:colcon.colcon_core.environment:checking '/home/bipin/ros2_ws/install/blue_color_filter/lib'
[10.511s] Level 1:colcon.colcon_core.environment:checking '/home/bipin/ros2_ws/install/blue_color_filter/bin'
[10.511s] Level 1:colcon.colcon_core.environment:checking '/home/bipin/ros2_ws/install/blue_color_filter/lib/pkgconfig/blue_color_filter.pc'
[10.512s] Level 1:colcon.colcon_core.environment:checking '/home/bipin/ros2_ws/install/blue_color_filter/lib/python3.10/site-packages'
[10.512s] Level 1:colcon.colcon_core.environment:checking '/home/bipin/ros2_ws/install/blue_color_filter/bin'
[10.512s] INFO:colcon.colcon_core.shell:Creating package script '/home/bipin/ros2_ws/install/blue_color_filter/share/blue_color_filter/package.ps1'
[10.512s] INFO:colcon.colcon_core.shell:Creating package descriptor '/home/bipin/ros2_ws/install/blue_color_filter/share/blue_color_filter/package.dsv'
[10.513s] INFO:colcon.colcon_core.shell:Creating package script '/home/bipin/ros2_ws/install/blue_color_filter/share/blue_color_filter/package.sh'
[10.513s] INFO:colcon.colcon_core.shell:Creating package script '/home/bipin/ros2_ws/install/blue_color_filter/share/blue_color_filter/package.bash'
[10.514s] INFO:colcon.colcon_core.shell:Creating package script '/home/bipin/ros2_ws/install/blue_color_filter/share/blue_color_filter/package.zsh'
[10.514s] Level 1:colcon.colcon_core.environment:create_file_with_runtime_dependencies(/home/bipin/ros2_ws/install/blue_color_filter/share/colcon-core/packages/blue_color_filter)
[10.515s] Level 1:colcon.colcon_core.environment:create_environment_scripts_only(blue_color_filter)
[10.515s] Level 1:colcon.colcon_core.environment:checking '/home/bipin/ros2_ws/install/blue_color_filter' for CMake module files
[10.515s] Level 1:colcon.colcon_core.environment:checking '/home/bipin/ros2_ws/install/blue_color_filter' for CMake config files
[10.515s] Level 1:colcon.colcon_core.shell:create_environment_hook('blue_color_filter', 'cmake_prefix_path')
[10.516s] INFO:colcon.colcon_core.shell:Creating environment hook '/home/bipin/ros2_ws/install/blue_color_filter/share/blue_color_filter/hook/cmake_prefix_path.ps1'
[10.516s] INFO:colcon.colcon_core.shell:Creating environment descriptor '/home/bipin/ros2_ws/install/blue_color_filter/share/blue_color_filter/hook/cmake_prefix_path.dsv'
[10.516s] INFO:colcon.colcon_core.shell:Creating environment hook '/home/bipin/ros2_ws/install/blue_color_filter/share/blue_color_filter/hook/cmake_prefix_path.sh'
[10.517s] Level 1:colcon.colcon_core.environment:checking '/home/bipin/ros2_ws/install/blue_color_filter/lib'
[10.517s] Level 1:colcon.colcon_core.environment:checking '/home/bipin/ros2_ws/install/blue_color_filter/bin'
[10.517s] Level 1:colcon.colcon_core.environment:checking '/home/bipin/ros2_ws/install/blue_color_filter/lib/pkgconfig/blue_color_filter.pc'
[10.517s] Level 1:colcon.colcon_core.environment:checking '/home/bipin/ros2_ws/install/blue_color_filter/lib/python3.10/site-packages'
[10.517s] Level 1:colcon.colcon_core.environment:checking '/home/bipin/ros2_ws/install/blue_color_filter/bin'
[10.518s] INFO:colcon.colcon_core.shell:Creating package script '/home/bipin/ros2_ws/install/blue_color_filter/share/blue_color_filter/package.ps1'
[10.518s] INFO:colcon.colcon_core.shell:Creating package descriptor '/home/bipin/ros2_ws/install/blue_color_filter/share/blue_color_filter/package.dsv'
[10.519s] INFO:colcon.colcon_core.shell:Creating package script '/home/bipin/ros2_ws/install/blue_color_filter/share/blue_color_filter/package.sh'
[10.519s] INFO:colcon.colcon_core.shell:Creating package script '/home/bipin/ros2_ws/install/blue_color_filter/share/blue_color_filter/package.bash'
[10.520s] INFO:colcon.colcon_core.shell:Creating package script '/home/bipin/ros2_ws/install/blue_color_filter/share/blue_color_filter/package.zsh'
[10.520s] Level 1:colcon.colcon_core.environment:create_file_with_runtime_dependencies(/home/bipin/ros2_ws/install/blue_color_filter/share/colcon-core/packages/blue_color_filter)
[10.520s] DEBUG:colcon.colcon_parallel_executor.executor.parallel:closing loop
[10.521s] DEBUG:colcon.colcon_parallel_executor.executor.parallel:loop closed
[10.521s] DEBUG:colcon.colcon_parallel_executor.executor.parallel:run_until_complete finished with '0'
[10.521s] DEBUG:colcon.colcon_core.event_reactor:joining thread
[10.526s] INFO:colcon.colcon_core.plugin_system:Skipping extension 'colcon_notification.desktop_notification.terminal_notifier': Not used on non-Darwin systems
[10.526s] INFO:colcon.colcon_core.plugin_system:Skipping extension 'colcon_notification.desktop_notification.win32': Not used on non-Windows systems
[10.526s] INFO:colcon.colcon_notification.desktop_notification:Sending desktop notification using 'notify2'
[10.537s] DEBUG:colcon.colcon_core.event_reactor:joined thread
[10.537s] INFO:colcon.colcon_core.shell:Creating prefix script '/home/bipin/ros2_ws/install/local_setup.ps1'
[10.538s] INFO:colcon.colcon_core.shell:Creating prefix util module '/home/bipin/ros2_ws/install/_local_setup_util_ps1.py'
[10.540s] INFO:colcon.colcon_core.shell:Creating prefix chain script '/home/bipin/ros2_ws/install/setup.ps1'
[10.542s] INFO:colcon.colcon_core.shell:Creating prefix script '/home/bipin/ros2_ws/install/local_setup.sh'
[10.542s] INFO:colcon.colcon_core.shell:Creating prefix util module '/home/bipin/ros2_ws/install/_local_setup_util_sh.py'
[10.543s] INFO:colcon.colcon_core.shell:Creating prefix chain script '/home/bipin/ros2_ws/install/setup.sh'
[10.544s] INFO:colcon.colcon_core.shell:Creating prefix script '/home/bipin/ros2_ws/install/local_setup.bash'
[10.544s] INFO:colcon.colcon_core.shell:Creating prefix chain script '/home/bipin/ros2_ws/install/setup.bash'
[10.545s] INFO:colcon.colcon_core.shell:Creating prefix script '/home/bipin/ros2_ws/install/local_setup.zsh'
[10.546s] INFO:colcon.colcon_core.shell:Creating prefix chain script '/home/bipin/ros2_ws/install/setup.zsh'
