[0.522s] Invoking command in '/home/bipin/ros2_ws/src/banana_webcam_driver': PYTHONPATH=/home/bipin/ros2_ws/build/banana_webcam_driver/prefix_override:/usr/lib/python3/dist-packages/colcon_core/task/python/colcon_distutils_commands:/home/bipin/ros2_ws/install/banana_webcam_driver/lib/python3.10/site-packages:${PYTHONPATH} /usr/bin/python3 -W ignore:setup.py install is deprecated -W ignore:easy_install command is deprecated setup.py egg_info --egg-base ../../build/banana_webcam_driver build --build-base /home/bipin/ros2_ws/build/banana_webcam_driver/build install --record /home/bipin/ros2_ws/build/banana_webcam_driver/install.log --single-version-externally-managed install_data
[0.724s] running egg_info
[0.724s] writing ../../build/banana_webcam_driver/banana_webcam_driver.egg-info/PKG-INFO
[0.725s] writing dependency_links to ../../build/banana_webcam_driver/banana_webcam_driver.egg-info/dependency_links.txt
[0.725s] writing entry points to ../../build/banana_webcam_driver/banana_webcam_driver.egg-info/entry_points.txt
[0.725s] writing requirements to ../../build/banana_webcam_driver/banana_webcam_driver.egg-info/requires.txt
[0.725s] writing top-level names to ../../build/banana_webcam_driver/banana_webcam_driver.egg-info/top_level.txt
[0.726s] reading manifest file '../../build/banana_webcam_driver/banana_webcam_driver.egg-info/SOURCES.txt'
[0.727s] writing manifest file '../../build/banana_webcam_driver/banana_webcam_driver.egg-info/SOURCES.txt'
[0.727s] running build
[0.728s] running build_py
[0.728s] copying banana_webcam_driver/webcam_driver.py -> /home/bipin/ros2_ws/build/banana_webcam_driver/build/lib/banana_webcam_driver
[0.728s] running install
[0.728s] running install_lib
[0.729s] copying /home/bipin/ros2_ws/build/banana_webcam_driver/build/lib/banana_webcam_driver/webcam_driver.py -> /home/bipin/ros2_ws/install/banana_webcam_driver/lib/python3.10/site-packages/banana_webcam_driver
[0.729s] byte-compiling /home/bipin/ros2_ws/install/banana_webcam_driver/lib/python3.10/site-packages/banana_webcam_driver/webcam_driver.py to webcam_driver.cpython-310.pyc
[0.730s] running install_data
[0.730s] running install_egg_info
[0.732s] removing '/home/bipin/ros2_ws/install/banana_webcam_driver/lib/python3.10/site-packages/banana_webcam_driver-0.1.0-py3.10.egg-info' (and everything under it)
[0.732s] Copying ../../build/banana_webcam_driver/banana_webcam_driver.egg-info to /home/bipin/ros2_ws/install/banana_webcam_driver/lib/python3.10/site-packages/banana_webcam_driver-0.1.0-py3.10.egg-info
[0.733s] running install_scripts
[0.750s] Installing webcam_driver script to /home/bipin/ros2_ws/install/banana_webcam_driver/lib/banana_webcam_driver
[0.751s] writing list of installed files to '/home/bipin/ros2_ws/build/banana_webcam_driver/install.log'
[0.771s] Invoked command in '/home/bipin/ros2_ws/src/banana_webcam_driver' returned '0': PYTHONPATH=/home/bipin/ros2_ws/build/banana_webcam_driver/prefix_override:/usr/lib/python3/dist-packages/colcon_core/task/python/colcon_distutils_commands:/home/bipin/ros2_ws/install/banana_webcam_driver/lib/python3.10/site-packages:${PYTHONPATH} /usr/bin/python3 -W ignore:setup.py install is deprecated -W ignore:easy_install command is deprecated setup.py egg_info --egg-base ../../build/banana_webcam_driver build --build-base /home/bipin/ros2_ws/build/banana_webcam_driver/build install --record /home/bipin/ros2_ws/build/banana_webcam_driver/install.log --single-version-externally-managed install_data
