[0.102s] DEBUG:colcon:Command line arguments: ['/usr/bin/colcon', 'build', '--packages-select', 'blue_color_filter', '--cmake-clean-cache']
[0.102s] DEBUG:colcon:Parsed command line arguments: Namespace(log_base=None, log_level=None, verb_name='build', build_base='build', install_base='install', merge_install=False, symlink_install=False, test_result_base=None, continue_on_error=False, executor='parallel', parallel_workers=8, event_handlers=None, ignore_user_meta=False, metas=['./colcon.meta'], base_paths=['.'], packages_ignore=None, packages_ignore_regex=None, paths=None, packages_up_to=None, packages_up_to_regex=None, packages_above=None, packages_above_and_dependencies=None, packages_above_depth=None, packages_select_by_dep=None, packages_skip_by_dep=None, packages_skip_up_to=None, packages_select_build_failed=False, packages_skip_build_finished=False, packages_select_test_failures=False, packages_skip_test_passed=False, packages_select=['blue_color_filter'], packages_skip=None, packages_select_regex=None, packages_skip_regex=None, packages_start=None, packages_end=None, allow_overriding=[], cmake_args=None, cmake_target=None, cmake_target_skip_unavailable=False, cmake_clean_cache=True, cmake_clean_first=False, cmake_force_configure=False, ament_cmake_args=None, catkin_cmake_args=None, catkin_skip_building_tests=False, verb_parser=<colcon_defaults.argument_parser.defaults.DefaultArgumentsDecorator object at 0x71a2ee527040>, verb_extension=<colcon_core.verb.build.BuildVerb object at 0x71a2ee525f90>, main=<bound method BuildVerb.main of <colcon_core.verb.build.BuildVerb object at 0x71a2ee525f90>>)
[0.276s] Level 1:colcon.colcon_core.package_discovery:discover_packages(colcon_meta) check parameters
[0.276s] Level 1:colcon.colcon_core.package_discovery:discover_packages(recursive) check parameters
[0.276s] Level 1:colcon.colcon_core.package_discovery:discover_packages(ignore) check parameters
[0.276s] Level 1:colcon.colcon_core.package_discovery:discover_packages(path) check parameters
[0.276s] Level 1:colcon.colcon_core.package_discovery:discover_packages(colcon_meta) discover
[0.276s] Level 1:colcon.colcon_core.package_discovery:discover_packages(recursive) discover
[0.276s] INFO:colcon.colcon_core.package_discovery:Crawling recursively for packages in '/home/bipin/ros2_ws'
[0.276s] Level 1:colcon.colcon_core.package_identification:_identify(.) by extensions ['ignore', 'ignore_ament_install']
[0.276s] Level 1:colcon.colcon_core.package_identification:_identify(.) by extension 'ignore'
[0.276s] Level 1:colcon.colcon_core.package_identification:_identify(.) by extension 'ignore_ament_install'
[0.277s] Level 1:colcon.colcon_core.package_identification:_identify(.) by extensions ['colcon_pkg']
[0.277s] Level 1:colcon.colcon_core.package_identification:_identify(.) by extension 'colcon_pkg'
[0.277s] Level 1:colcon.colcon_core.package_identification:_identify(.) by extensions ['colcon_meta']
[0.277s] Level 1:colcon.colcon_core.package_identification:_identify(.) by extension 'colcon_meta'
[0.277s] Level 1:colcon.colcon_core.package_identification:_identify(.) by extensions ['ros']
[0.277s] Level 1:colcon.colcon_core.package_identification:_identify(.) by extension 'ros'
[0.286s] Level 1:colcon.colcon_core.package_identification:_identify(.) by extensions ['cmake', 'python']
[0.286s] Level 1:colcon.colcon_core.package_identification:_identify(.) by extension 'cmake'
[0.286s] Level 1:colcon.colcon_core.package_identification:_identify(.) by extension 'python'
[0.286s] Level 1:colcon.colcon_core.package_identification:_identify(.) by extensions ['python_setup_py']
[0.286s] Level 1:colcon.colcon_core.package_identification:_identify(.) by extension 'python_setup_py'
[0.286s] Level 1:colcon.colcon_core.package_identification:_identify(build) by extensions ['ignore', 'ignore_ament_install']
[0.286s] Level 1:colcon.colcon_core.package_identification:_identify(build) by extension 'ignore'
[0.286s] Level 1:colcon.colcon_core.package_identification:_identify(build) ignored
[0.286s] Level 1:colcon.colcon_core.package_identification:_identify(install) by extensions ['ignore', 'ignore_ament_install']
[0.287s] Level 1:colcon.colcon_core.package_identification:_identify(install) by extension 'ignore'
[0.287s] Level 1:colcon.colcon_core.package_identification:_identify(install) ignored
[0.287s] Level 1:colcon.colcon_core.package_identification:_identify(log) by extensions ['ignore', 'ignore_ament_install']
[0.287s] Level 1:colcon.colcon_core.package_identification:_identify(log) by extension 'ignore'
[0.287s] Level 1:colcon.colcon_core.package_identification:_identify(log) ignored
[0.287s] Level 1:colcon.colcon_core.package_identification:_identify(src) by extensions ['ignore', 'ignore_ament_install']
[0.287s] Level 1:colcon.colcon_core.package_identification:_identify(src) by extension 'ignore'
[0.287s] Level 1:colcon.colcon_core.package_identification:_identify(src) by extension 'ignore_ament_install'
[0.287s] Level 1:colcon.colcon_core.package_identification:_identify(src) by extensions ['colcon_pkg']
[0.287s] Level 1:colcon.colcon_core.package_identification:_identify(src) by extension 'colcon_pkg'
[0.287s] Level 1:colcon.colcon_core.package_identification:_identify(src) by extensions ['colcon_meta']
[0.287s] Level 1:colcon.colcon_core.package_identification:_identify(src) by extension 'colcon_meta'
[0.287s] Level 1:colcon.colcon_core.package_identification:_identify(src) by extensions ['ros']
[0.287s] Level 1:colcon.colcon_core.package_identification:_identify(src) by extension 'ros'
[0.287s] Level 1:colcon.colcon_core.package_identification:_identify(src) by extensions ['cmake', 'python']
[0.287s] Level 1:colcon.colcon_core.package_identification:_identify(src) by extension 'cmake'
[0.287s] Level 1:colcon.colcon_core.package_identification:_identify(src) by extension 'python'
[0.287s] Level 1:colcon.colcon_core.package_identification:_identify(src) by extensions ['python_setup_py']
[0.287s] Level 1:colcon.colcon_core.package_identification:_identify(src) by extension 'python_setup_py'
[0.287s] Level 1:colcon.colcon_core.package_identification:_identify(src/banana_webcam_driver) by extensions ['ignore', 'ignore_ament_install']
[0.287s] Level 1:colcon.colcon_core.package_identification:_identify(src/banana_webcam_driver) by extension 'ignore'
[0.287s] Level 1:colcon.colcon_core.package_identification:_identify(src/banana_webcam_driver) by extension 'ignore_ament_install'
[0.288s] Level 1:colcon.colcon_core.package_identification:_identify(src/banana_webcam_driver) by extensions ['colcon_pkg']
[0.288s] Level 1:colcon.colcon_core.package_identification:_identify(src/banana_webcam_driver) by extension 'colcon_pkg'
[0.288s] Level 1:colcon.colcon_core.package_identification:_identify(src/banana_webcam_driver) by extensions ['colcon_meta']
[0.288s] Level 1:colcon.colcon_core.package_identification:_identify(src/banana_webcam_driver) by extension 'colcon_meta'
[0.288s] Level 1:colcon.colcon_core.package_identification:_identify(src/banana_webcam_driver) by extensions ['ros']
[0.288s] Level 1:colcon.colcon_core.package_identification:_identify(src/banana_webcam_driver) by extension 'ros'
[0.290s] DEBUG:colcon.colcon_core.package_identification:Package 'src/banana_webcam_driver' with type 'ros.ament_python' and name 'banana_webcam_driver'
[0.290s] Level 1:colcon.colcon_core.package_identification:_identify(src/blue_color_filter) by extensions ['ignore', 'ignore_ament_install']
[0.290s] Level 1:colcon.colcon_core.package_identification:_identify(src/blue_color_filter) by extension 'ignore'
[0.290s] Level 1:colcon.colcon_core.package_identification:_identify(src/blue_color_filter) by extension 'ignore_ament_install'
[0.290s] Level 1:colcon.colcon_core.package_identification:_identify(src/blue_color_filter) by extensions ['colcon_pkg']
[0.290s] Level 1:colcon.colcon_core.package_identification:_identify(src/blue_color_filter) by extension 'colcon_pkg'
[0.290s] Level 1:colcon.colcon_core.package_identification:_identify(src/blue_color_filter) by extensions ['colcon_meta']
[0.290s] Level 1:colcon.colcon_core.package_identification:_identify(src/blue_color_filter) by extension 'colcon_meta'
[0.290s] Level 1:colcon.colcon_core.package_identification:_identify(src/blue_color_filter) by extensions ['ros']
[0.290s] Level 1:colcon.colcon_core.package_identification:_identify(src/blue_color_filter) by extension 'ros'
[0.291s] DEBUG:colcon.colcon_core.package_identification:Package 'src/blue_color_filter' with type 'ros.ament_cmake' and name 'blue_color_filter'
[0.291s] Level 1:colcon.colcon_core.package_discovery:discover_packages(recursive) using defaults
[0.291s] Level 1:colcon.colcon_core.package_discovery:discover_packages(ignore) discover
[0.291s] Level 1:colcon.colcon_core.package_discovery:discover_packages(ignore) using defaults
[0.291s] Level 1:colcon.colcon_core.package_discovery:discover_packages(path) discover
[0.291s] Level 1:colcon.colcon_core.package_discovery:discover_packages(path) using defaults
[0.316s] INFO:colcon.colcon_core.package_selection:Skipping not selected package 'banana_webcam_driver' in 'src/banana_webcam_driver'
[0.317s] Level 1:colcon.colcon_core.package_discovery:discover_packages(prefix_path) check parameters
[0.317s] Level 1:colcon.colcon_core.package_discovery:discover_packages(prefix_path) discover
[0.318s] WARNING:colcon.colcon_ros.prefix_path.ament:The path '/home/bipin/ros2_ws/install/banana_webcam_driver' in the environment variable AMENT_PREFIX_PATH doesn't exist
[0.318s] DEBUG:colcon.colcon_installed_package_information.package_discovery:Found 0 installed packages in /home/bipin/ros2_ws/install
[0.319s] DEBUG:colcon.colcon_installed_package_information.package_discovery:Found 271 installed packages in /opt/ros/humble
[0.330s] Level 1:colcon.colcon_core.package_discovery:discover_packages(prefix_path) using defaults
[0.367s] Level 5:colcon.colcon_core.verb:set package 'blue_color_filter' build argument 'cmake_args' from command line to 'None'
[0.367s] Level 5:colcon.colcon_core.verb:set package 'blue_color_filter' build argument 'cmake_target' from command line to 'None'
[0.367s] Level 5:colcon.colcon_core.verb:set package 'blue_color_filter' build argument 'cmake_target_skip_unavailable' from command line to 'False'
[0.367s] Level 5:colcon.colcon_core.verb:set package 'blue_color_filter' build argument 'cmake_clean_cache' from command line to 'True'
[0.367s] Level 5:colcon.colcon_core.verb:set package 'blue_color_filter' build argument 'cmake_clean_first' from command line to 'False'
[0.367s] Level 5:colcon.colcon_core.verb:set package 'blue_color_filter' build argument 'cmake_force_configure' from command line to 'False'
[0.367s] Level 5:colcon.colcon_core.verb:set package 'blue_color_filter' build argument 'ament_cmake_args' from command line to 'None'
[0.367s] Level 5:colcon.colcon_core.verb:set package 'blue_color_filter' build argument 'catkin_cmake_args' from command line to 'None'
[0.367s] Level 5:colcon.colcon_core.verb:set package 'blue_color_filter' build argument 'catkin_skip_building_tests' from command line to 'False'
[0.367s] DEBUG:colcon.colcon_core.verb:Building package 'blue_color_filter' with the following arguments: {'ament_cmake_args': None, 'build_base': '/home/bipin/ros2_ws/build/blue_color_filter', 'catkin_cmake_args': None, 'catkin_skip_building_tests': False, 'cmake_args': None, 'cmake_clean_cache': True, 'cmake_clean_first': False, 'cmake_force_configure': False, 'cmake_target': None, 'cmake_target_skip_unavailable': False, 'install_base': '/home/bipin/ros2_ws/install/blue_color_filter', 'merge_install': False, 'path': '/home/bipin/ros2_ws/src/blue_color_filter', 'symlink_install': False, 'test_result_base': None}
[0.367s] INFO:colcon.colcon_core.executor:Executing jobs using 'parallel' executor
[0.368s] DEBUG:colcon.colcon_parallel_executor.executor.parallel:run_until_complete
[0.369s] INFO:colcon.colcon_ros.task.ament_cmake.build:Building ROS package in '/home/bipin/ros2_ws/src/blue_color_filter' with build type 'ament_cmake'
[0.369s] INFO:colcon.colcon_cmake.task.cmake.build:Building CMake package in '/home/bipin/ros2_ws/src/blue_color_filter'
[0.370s] INFO:colcon.colcon_core.plugin_system:Skipping extension 'colcon_core.shell.bat': Not used on non-Windows systems
[0.370s] INFO:colcon.colcon_core.shell:Skip shell extension 'powershell' for command environment: Not usable outside of PowerShell
[0.370s] DEBUG:colcon.colcon_core.shell:Skip shell extension 'dsv' for command environment
[0.379s] DEBUG:colcon.colcon_core.event_handler.log_command:Invoking command in '/home/bipin/ros2_ws/build/blue_color_filter': CMAKE_PREFIX_PATH=/home/bipin/ros2_ws/install/banana_webcam_driver:/opt/ros/humble /usr/bin/cmake /home/bipin/ros2_ws/src/blue_color_filter -DCMAKE_INSTALL_PREFIX=/home/bipin/ros2_ws/install/blue_color_filter
[3.707s] DEBUG:colcon.colcon_core.event_handler.log_command:Invoked command in '/home/bipin/ros2_ws/build/blue_color_filter' returned '0': CMAKE_PREFIX_PATH=/home/bipin/ros2_ws/install/banana_webcam_driver:/opt/ros/humble /usr/bin/cmake /home/bipin/ros2_ws/src/blue_color_filter -DCMAKE_INSTALL_PREFIX=/home/bipin/ros2_ws/install/blue_color_filter
[3.715s] DEBUG:colcon.colcon_core.event_handler.log_command:Invoking command in '/home/bipin/ros2_ws/build/blue_color_filter': CMAKE_PREFIX_PATH=/home/bipin/ros2_ws/install/banana_webcam_driver:/opt/ros/humble /usr/bin/cmake --build /home/bipin/ros2_ws/build/blue_color_filter -- -j8 -l8
[13.715s] DEBUG:colcon.colcon_core.event_handler.log_command:Invoked command in '/home/bipin/ros2_ws/build/blue_color_filter' returned '0': CMAKE_PREFIX_PATH=/home/bipin/ros2_ws/install/banana_webcam_driver:/opt/ros/humble /usr/bin/cmake --build /home/bipin/ros2_ws/build/blue_color_filter -- -j8 -l8
[13.723s] DEBUG:colcon.colcon_core.event_handler.log_command:Invoking command in '/home/bipin/ros2_ws/build/blue_color_filter': CMAKE_PREFIX_PATH=/home/bipin/ros2_ws/install/banana_webcam_driver:/opt/ros/humble /usr/bin/cmake --install /home/bipin/ros2_ws/build/blue_color_filter
[13.737s] Level 1:colcon.colcon_core.environment:create_environment_scripts_only(blue_color_filter)
[13.740s] DEBUG:colcon.colcon_core.event_handler.log_command:Invoked command in '/home/bipin/ros2_ws/build/blue_color_filter' returned '0': CMAKE_PREFIX_PATH=/home/bipin/ros2_ws/install/banana_webcam_driver:/opt/ros/humble /usr/bin/cmake --install /home/bipin/ros2_ws/build/blue_color_filter
[13.746s] Level 1:colcon.colcon_core.environment:checking '/home/bipin/ros2_ws/install/blue_color_filter' for CMake module files
[13.747s] Level 1:colcon.colcon_core.environment:checking '/home/bipin/ros2_ws/install/blue_color_filter' for CMake config files
[13.747s] Level 1:colcon.colcon_core.shell:create_environment_hook('blue_color_filter', 'cmake_prefix_path')
[13.747s] INFO:colcon.colcon_core.shell:Creating environment hook '/home/bipin/ros2_ws/install/blue_color_filter/share/blue_color_filter/hook/cmake_prefix_path.ps1'
[13.748s] INFO:colcon.colcon_core.shell:Creating environment descriptor '/home/bipin/ros2_ws/install/blue_color_filter/share/blue_color_filter/hook/cmake_prefix_path.dsv'
[13.748s] INFO:colcon.colcon_core.shell:Creating environment hook '/home/bipin/ros2_ws/install/blue_color_filter/share/blue_color_filter/hook/cmake_prefix_path.sh'
[13.750s] Level 1:colcon.colcon_core.environment:checking '/home/bipin/ros2_ws/install/blue_color_filter/lib'
[13.750s] Level 1:colcon.colcon_core.environment:checking '/home/bipin/ros2_ws/install/blue_color_filter/bin'
[13.750s] Level 1:colcon.colcon_core.environment:checking '/home/bipin/ros2_ws/install/blue_color_filter/lib/pkgconfig/blue_color_filter.pc'
[13.750s] Level 1:colcon.colcon_core.environment:checking '/home/bipin/ros2_ws/install/blue_color_filter/lib/python3.10/site-packages'
[13.750s] Level 1:colcon.colcon_core.environment:checking '/home/bipin/ros2_ws/install/blue_color_filter/bin'
[13.751s] INFO:colcon.colcon_core.shell:Creating package script '/home/bipin/ros2_ws/install/blue_color_filter/share/blue_color_filter/package.ps1'
[13.751s] INFO:colcon.colcon_core.shell:Creating package descriptor '/home/bipin/ros2_ws/install/blue_color_filter/share/blue_color_filter/package.dsv'
[13.752s] INFO:colcon.colcon_core.shell:Creating package script '/home/bipin/ros2_ws/install/blue_color_filter/share/blue_color_filter/package.sh'
[13.753s] INFO:colcon.colcon_core.shell:Creating package script '/home/bipin/ros2_ws/install/blue_color_filter/share/blue_color_filter/package.bash'
[13.753s] INFO:colcon.colcon_core.shell:Creating package script '/home/bipin/ros2_ws/install/blue_color_filter/share/blue_color_filter/package.zsh'
[13.754s] Level 1:colcon.colcon_core.environment:create_file_with_runtime_dependencies(/home/bipin/ros2_ws/install/blue_color_filter/share/colcon-core/packages/blue_color_filter)
[13.754s] Level 1:colcon.colcon_core.environment:create_environment_scripts_only(blue_color_filter)
[13.755s] Level 1:colcon.colcon_core.environment:checking '/home/bipin/ros2_ws/install/blue_color_filter' for CMake module files
[13.755s] Level 1:colcon.colcon_core.environment:checking '/home/bipin/ros2_ws/install/blue_color_filter' for CMake config files
[13.755s] Level 1:colcon.colcon_core.shell:create_environment_hook('blue_color_filter', 'cmake_prefix_path')
[13.755s] INFO:colcon.colcon_core.shell:Creating environment hook '/home/bipin/ros2_ws/install/blue_color_filter/share/blue_color_filter/hook/cmake_prefix_path.ps1'
[13.756s] INFO:colcon.colcon_core.shell:Creating environment descriptor '/home/bipin/ros2_ws/install/blue_color_filter/share/blue_color_filter/hook/cmake_prefix_path.dsv'
[13.756s] INFO:colcon.colcon_core.shell:Creating environment hook '/home/bipin/ros2_ws/install/blue_color_filter/share/blue_color_filter/hook/cmake_prefix_path.sh'
[13.756s] Level 1:colcon.colcon_core.environment:checking '/home/bipin/ros2_ws/install/blue_color_filter/lib'
[13.756s] Level 1:colcon.colcon_core.environment:checking '/home/bipin/ros2_ws/install/blue_color_filter/bin'
[13.757s] Level 1:colcon.colcon_core.environment:checking '/home/bipin/ros2_ws/install/blue_color_filter/lib/pkgconfig/blue_color_filter.pc'
[13.757s] Level 1:colcon.colcon_core.environment:checking '/home/bipin/ros2_ws/install/blue_color_filter/lib/python3.10/site-packages'
[13.757s] Level 1:colcon.colcon_core.environment:checking '/home/bipin/ros2_ws/install/blue_color_filter/bin'
[13.757s] INFO:colcon.colcon_core.shell:Creating package script '/home/bipin/ros2_ws/install/blue_color_filter/share/blue_color_filter/package.ps1'
[13.758s] INFO:colcon.colcon_core.shell:Creating package descriptor '/home/bipin/ros2_ws/install/blue_color_filter/share/blue_color_filter/package.dsv'
[13.758s] INFO:colcon.colcon_core.shell:Creating package script '/home/bipin/ros2_ws/install/blue_color_filter/share/blue_color_filter/package.sh'
[13.758s] INFO:colcon.colcon_core.shell:Creating package script '/home/bipin/ros2_ws/install/blue_color_filter/share/blue_color_filter/package.bash'
[13.759s] INFO:colcon.colcon_core.shell:Creating package script '/home/bipin/ros2_ws/install/blue_color_filter/share/blue_color_filter/package.zsh'
[13.759s] Level 1:colcon.colcon_core.environment:create_file_with_runtime_dependencies(/home/bipin/ros2_ws/install/blue_color_filter/share/colcon-core/packages/blue_color_filter)
[13.759s] DEBUG:colcon.colcon_parallel_executor.executor.parallel:closing loop
[13.760s] DEBUG:colcon.colcon_parallel_executor.executor.parallel:loop closed
[13.760s] DEBUG:colcon.colcon_parallel_executor.executor.parallel:run_until_complete finished with '0'
[13.760s] DEBUG:colcon.colcon_core.event_reactor:joining thread
[13.764s] INFO:colcon.colcon_core.plugin_system:Skipping extension 'colcon_notification.desktop_notification.terminal_notifier': Not used on non-Darwin systems
[13.764s] INFO:colcon.colcon_core.plugin_system:Skipping extension 'colcon_notification.desktop_notification.win32': Not used on non-Windows systems
[13.764s] INFO:colcon.colcon_notification.desktop_notification:Sending desktop notification using 'notify2'
[13.774s] DEBUG:colcon.colcon_core.event_reactor:joined thread
[13.774s] INFO:colcon.colcon_core.shell:Creating prefix script '/home/bipin/ros2_ws/install/local_setup.ps1'
[13.775s] INFO:colcon.colcon_core.shell:Creating prefix util module '/home/bipin/ros2_ws/install/_local_setup_util_ps1.py'
[13.777s] INFO:colcon.colcon_core.shell:Creating prefix chain script '/home/bipin/ros2_ws/install/setup.ps1'
[13.778s] INFO:colcon.colcon_core.shell:Creating prefix script '/home/bipin/ros2_ws/install/local_setup.sh'
[13.780s] INFO:colcon.colcon_core.shell:Creating prefix util module '/home/bipin/ros2_ws/install/_local_setup_util_sh.py'
[13.780s] INFO:colcon.colcon_core.shell:Creating prefix chain script '/home/bipin/ros2_ws/install/setup.sh'
[13.789s] INFO:colcon.colcon_core.shell:Creating prefix script '/home/bipin/ros2_ws/install/local_setup.bash'
[13.791s] INFO:colcon.colcon_core.shell:Creating prefix chain script '/home/bipin/ros2_ws/install/setup.bash'
[13.793s] INFO:colcon.colcon_core.shell:Creating prefix script '/home/bipin/ros2_ws/install/local_setup.zsh'
[13.793s] INFO:colcon.colcon_core.shell:Creating prefix chain script '/home/bipin/ros2_ws/install/setup.zsh'
